2026-04-07 09:55:01,953 | ERROR | __main__ | Unhandled exception
Traceback (most recent call last):
  File "C:\Program Files\WindowsApps\PythonSoftwareFoundation.Python.3.9_3.9.3568.0_x64__qbz5n2kfra8p0\lib\runpy.py", line 197, in _run_module_as_main
    return _run_code(code, main_globals, None,
  File "C:\Program Files\WindowsApps\PythonSoftwareFoundation.Python.3.9_3.9.3568.0_x64__qbz5n2kfra8p0\lib\runpy.py", line 87, in _run_code
    exec(code, run_globals)
  File "c:\Users\PurpleStar\.cursor\extensions\ms-python.debugpy-2025.18.0-win32-x64\bundled\libs\debugpy\__main__.py", line 71, in <module>
    cli.main()
  File "c:\Users\PurpleStar\.cursor\extensions\ms-python.debugpy-2025.18.0-win32-x64\bundled\libs\debugpy/..\debugpy\server\cli.py", line 508, in main
    run()
  File "c:\Users\PurpleStar\.cursor\extensions\ms-python.debugpy-2025.18.0-win32-x64\bundled\libs\debugpy/..\debugpy\server\cli.py", line 358, in run_file
    runpy.run_path(target, run_name="__main__")
  File "c:\Users\PurpleStar\.cursor\extensions\ms-python.debugpy-2025.18.0-win32-x64\bundled\libs\debugpy\_vendored\pydevd\_pydevd_bundle\pydevd_runpy.py", line 310, in run_path
    return _run_module_code(code, init_globals, run_name, pkg_name=pkg_name, script_name=fname)
  File "c:\Users\PurpleStar\.cursor\extensions\ms-python.debugpy-2025.18.0-win32-x64\bundled\libs\debugpy\_vendored\pydevd\_pydevd_bundle\pydevd_runpy.py", line 127, in _run_module_code
    _run_code(code, mod_globals, init_globals, mod_name, mod_spec, pkg_name, script_name)
  File "c:\Users\PurpleStar\.cursor\extensions\ms-python.debugpy-2025.18.0-win32-x64\bundled\libs\debugpy\_vendored\pydevd\_pydevd_bundle\pydevd_runpy.py", line 118, in _run_code
    exec(code, run_globals)
  File "D:\Desktop\AI点云传输\smart_insole\main.py", line 50, in <module>
    raise SystemExit(main())
  File "D:\Desktop\AI点云传输\smart_insole\main.py", line 42, in main
    window = MainWindow()
  File "D:\Desktop\AI点云传输\smart_insole\ui\main_window.py", line 15, in __init__
    self.serial_panel = SerialPanel(self)
  File "D:\Desktop\AI点云传输\smart_insole\ui\serial_panel.py", line 38, in __init__
    self._bind_signals()
  File "D:\Desktop\AI点云传输\smart_insole\ui\serial_panel.py", line 60, in _bind_signals
    self._serial_manager.connection_changed.connect(self._on_connection_changed)
AttributeError: 'MainWindow' object has no attribute 'connection_changed'
2026-04-07 09:56:44,855 | ERROR | __main__ | Unhandled exception
Traceback (most recent call last):
  File "C:\Program Files\WindowsApps\PythonSoftwareFoundation.Python.3.9_3.9.3568.0_x64__qbz5n2kfra8p0\lib\runpy.py", line 197, in _run_module_as_main
    return _run_code(code, main_globals, None,
  File "C:\Program Files\WindowsApps\PythonSoftwareFoundation.Python.3.9_3.9.3568.0_x64__qbz5n2kfra8p0\lib\runpy.py", line 87, in _run_code
    exec(code, run_globals)
  File "c:\Users\PurpleStar\.cursor\extensions\ms-python.debugpy-2025.18.0-win32-x64\bundled\libs\debugpy\__main__.py", line 71, in <module>
    cli.main()
  File "c:\Users\PurpleStar\.cursor\extensions\ms-python.debugpy-2025.18.0-win32-x64\bundled\libs\debugpy/..\debugpy\server\cli.py", line 508, in main
    run()
  File "c:\Users\PurpleStar\.cursor\extensions\ms-python.debugpy-2025.18.0-win32-x64\bundled\libs\debugpy/..\debugpy\server\cli.py", line 358, in run_file
    runpy.run_path(target, run_name="__main__")
  File "c:\Users\PurpleStar\.cursor\extensions\ms-python.debugpy-2025.18.0-win32-x64\bundled\libs\debugpy\_vendored\pydevd\_pydevd_bundle\pydevd_runpy.py", line 310, in run_path
    return _run_module_code(code, init_globals, run_name, pkg_name=pkg_name, script_name=fname)
  File "c:\Users\PurpleStar\.cursor\extensions\ms-python.debugpy-2025.18.0-win32-x64\bundled\libs\debugpy\_vendored\pydevd\_pydevd_bundle\pydevd_runpy.py", line 127, in _run_module_code
    _run_code(code, mod_globals, init_globals, mod_name, mod_spec, pkg_name, script_name)
  File "c:\Users\PurpleStar\.cursor\extensions\ms-python.debugpy-2025.18.0-win32-x64\bundled\libs\debugpy\_vendored\pydevd\_pydevd_bundle\pydevd_runpy.py", line 118, in _run_code
    exec(code, run_globals)
  File "D:\Desktop\AI点云传输\smart_insole\main.py", line 50, in <module>
    raise SystemExit(main())
  File "D:\Desktop\AI点云传输\smart_insole\main.py", line 42, in main
    window = MainWindow()
  File "D:\Desktop\AI点云传输\smart_insole\ui\main_window.py", line 15, in __init__
    self.serial_panel = SerialPanel(self)
  File "D:\Desktop\AI点云传输\smart_insole\ui\serial_panel.py", line 38, in __init__
    self._bind_signals()
  File "D:\Desktop\AI点云传输\smart_insole\ui\serial_panel.py", line 60, in _bind_signals
    self._serial_manager.connection_changed.connect(self._on_connection_changed)
AttributeError: 'MainWindow' object has no attribute 'connection_changed'
2026-04-07 09:59:22,005 | INFO | __main__ | Application started
2026-04-07 10:05:14,795 | INFO | __main__ | Application started
2026-04-07 10:16:25,093 | INFO | __main__ | Application started
2026-04-07 10:25:44,498 | ERROR | __main__ | Unhandled exception
Traceback (most recent call last):
  File "C:\Program Files\WindowsApps\PythonSoftwareFoundation.Python.3.9_3.9.3568.0_x64__qbz5n2kfra8p0\lib\runpy.py", line 197, in _run_module_as_main
    return _run_code(code, main_globals, None,
  File "C:\Program Files\WindowsApps\PythonSoftwareFoundation.Python.3.9_3.9.3568.0_x64__qbz5n2kfra8p0\lib\runpy.py", line 87, in _run_code
    exec(code, run_globals)
  File "c:\Users\PurpleStar\.cursor\extensions\ms-python.debugpy-2025.18.0-win32-x64\bundled\libs\debugpy\__main__.py", line 71, in <module>
    cli.main()
  File "c:\Users\PurpleStar\.cursor\extensions\ms-python.debugpy-2025.18.0-win32-x64\bundled\libs\debugpy/..\debugpy\server\cli.py", line 508, in main
    run()
  File "c:\Users\PurpleStar\.cursor\extensions\ms-python.debugpy-2025.18.0-win32-x64\bundled\libs\debugpy/..\debugpy\server\cli.py", line 358, in run_file
    runpy.run_path(target, run_name="__main__")
  File "c:\Users\PurpleStar\.cursor\extensions\ms-python.debugpy-2025.18.0-win32-x64\bundled\libs\debugpy\_vendored\pydevd\_pydevd_bundle\pydevd_runpy.py", line 310, in run_path
    return _run_module_code(code, init_globals, run_name, pkg_name=pkg_name, script_name=fname)
  File "c:\Users\PurpleStar\.cursor\extensions\ms-python.debugpy-2025.18.0-win32-x64\bundled\libs\debugpy\_vendored\pydevd\_pydevd_bundle\pydevd_runpy.py", line 127, in _run_module_code
    _run_code(code, mod_globals, init_globals, mod_name, mod_spec, pkg_name, script_name)
  File "c:\Users\PurpleStar\.cursor\extensions\ms-python.debugpy-2025.18.0-win32-x64\bundled\libs\debugpy\_vendored\pydevd\_pydevd_bundle\pydevd_runpy.py", line 118, in _run_code
    exec(code, run_globals)
  File "D:\Desktop\AI点云传输\smart_insole\main.py", line 50, in <module>
    raise SystemExit(main())
  File "D:\Desktop\AI点云传输\smart_insole\main.py", line 42, in main
    window = MainWindow()
  File "D:\Desktop\AI点云传输\smart_insole\ui\main_window.py", line 46, in __init__
    self.heatmap_view = HeatmapView(parent=self)
  File "D:\Desktop\AI点云传输\smart_insole\ui\heatmap_view.py", line 43, in __init__
    self._image_item.setRect(0, 0, self._cols, self._rows)
  File "d:\Desktop\AI点云传输\smart_insole\.venv\lib\site-packages\pyqtgraph\graphicsItems\ImageItem.py", line 323, in setRect
    tr.scale(rect.width() / self.width(), rect.height() / self.height())
TypeError: unsupported operand type(s) for /: 'float' and 'NoneType'
2026-04-07 10:27:55,488 | INFO | __main__ | Application started
2026-04-07 10:30:54,028 | INFO | __main__ | Application started
2026-04-07 10:38:09,091 | INFO | __main__ | Application started
2026-04-07 10:44:03,264 | INFO | __main__ | Application started
2026-04-07 10:48:19,163 | INFO | __main__ | Application started
2026-04-07 11:01:39,895 | INFO | __main__ | Application started
2026-04-07 11:03:25,614 | INFO | __main__ | Application started
2026-04-07 11:06:27,113 | INFO | __main__ | Application started
2026-04-07 11:08:42,250 | INFO | __main__ | Application started
2026-04-07 11:13:05,324 | INFO | __main__ | Application started
2026-04-07 11:14:27,037 | INFO | __main__ | Application started
2026-04-07 11:21:43,927 | INFO | __main__ | Application started
2026-04-07 11:30:04,237 | INFO | __main__ | Application started
2026-04-07 11:30:25,769 | INFO | __main__ | Application started
2026-04-07 11:32:31,571 | INFO | __main__ | Application started
2026-04-07 11:34:57,644 | INFO | __main__ | Application started
2026-04-07 11:53:03,701 | INFO | __main__ | Application started
2026-04-07 11:58:14,906 | INFO | __main__ | Application started
2026-04-07 12:12:20,047 | INFO | __main__ | Application started
2026-04-07 12:17:40,515 | INFO | __main__ | Application started
2026-04-07 12:20:57,099 | INFO | __main__ | Application started
2026-04-07 14:55:49,498 | INFO | __main__ | Application started
2026-04-07 15:11:33,080 | INFO | __main__ | Application started
2026-04-07 15:41:50,642 | INFO | __main__ | Application started
2026-04-07 15:45:32,944 | INFO | __main__ | Application started
2026-04-07 15:45:37,293 | INFO | __main__ | Application started
2026-04-07 16:04:25,467 | INFO | data.calibration_engine | Valid mask detected: 0/128 sensors active
2026-04-07 16:04:40,321 | INFO | __main__ | Application started
2026-04-07 16:04:49,080 | INFO | data.calibration_engine | Valid mask detected: 0/128 sensors active
2026-04-07 16:05:10,407 | INFO | data.calibration_engine | Zone 'heel' zero offset: 0.00 (std: 0.00)
2026-04-07 16:05:10,411 | INFO | data.calibration_engine | Zone 'midfoot' zero offset: 0.00 (std: 0.00)
2026-04-07 16:05:10,413 | INFO | data.calibration_engine | Zone 'forefoot' zero offset: 0.00 (std: 0.00)
2026-04-07 16:05:10,417 | INFO | data.calibration_engine | Zone 'toes' zero offset: 0.00 (std: 0.00)
2026-04-07 16:06:01,650 | INFO | __main__ | Application started
2026-04-07 16:06:46,161 | INFO | data.calibration_engine | Valid mask detected: 0/128 sensors active
2026-04-07 16:06:53,186 | INFO | data.calibration_engine | Zone 'heel' zero offset: 0.00 (std: 0.00)
2026-04-07 16:06:53,190 | INFO | data.calibration_engine | Zone 'midfoot' zero offset: 0.00 (std: 0.00)
2026-04-07 16:06:53,194 | INFO | data.calibration_engine | Zone 'forefoot' zero offset: 0.00 (std: 0.00)
2026-04-07 16:06:53,200 | INFO | data.calibration_engine | Zone 'toes' zero offset: 0.00 (std: 0.00)
2026-04-07 16:07:08,799 | INFO | data.calibration_engine | Zone 'heel' point: P=2.09 kPa, ADC=0.00 (std: 0.00)
2026-04-07 16:07:08,802 | INFO | data.calibration_engine | Zone 'midfoot' point: P=2.09 kPa, ADC=0.00 (std: 0.00)
2026-04-07 16:07:08,805 | INFO | data.calibration_engine | Zone 'forefoot' point: P=2.09 kPa, ADC=0.00 (std: 0.00)
2026-04-07 16:07:08,807 | INFO | data.calibration_engine | Zone 'toes' point: P=2.09 kPa, ADC=0.00 (std: 0.00)
2026-04-07 16:13:33,448 | INFO | __main__ | Application started
2026-04-07 16:13:48,046 | INFO | data.calibration_engine | Valid mask detected: 0/128 sensors active
2026-04-07 16:14:00,975 | INFO | data.calibration_engine | Zone 'heel' zero offset: 0.00 (std: 0.00)
2026-04-07 16:14:00,978 | INFO | data.calibration_engine | Zone 'midfoot' zero offset: 0.00 (std: 0.00)
2026-04-07 16:14:00,981 | INFO | data.calibration_engine | Zone 'forefoot' zero offset: 0.00 (std: 0.00)
2026-04-07 16:14:00,985 | INFO | data.calibration_engine | Zone 'toes' zero offset: 0.00 (std: 0.00)
2026-04-07 16:14:34,439 | INFO | data.calibration_engine | Zone 'heel' point: P=9.07 kPa, ADC=0.00 (std: 0.00)
2026-04-07 16:14:37,442 | INFO | data.calibration_engine | Zone 'heel' point: P=9.07 kPa, ADC=0.00 (std: 0.00)
2026-04-07 16:14:40,436 | INFO | data.calibration_engine | Zone 'heel' point: P=9.07 kPa, ADC=0.00 (std: 0.00)
2026-04-07 16:30:44,383 | INFO | __main__ | Application started
2026-04-07 16:41:09,148 | INFO | __main__ | Application started
2026-04-07 16:48:38,484 | INFO | __main__ | Application started
2026-04-07 17:21:41,071 | INFO | __main__ | Application started
2026-04-07 17:29:08,488 | INFO | __main__ | Application started
2026-04-07 17:29:29,931 | INFO | data.calibration_engine | Valid mask detected: 0/128 sensors active
2026-04-07 17:29:39,627 | INFO | data.calibration_engine | Zone 'heel' zero offset: 0.00 (std: 0.00)
2026-04-07 17:29:39,632 | INFO | data.calibration_engine | Zone 'midfoot' zero offset: 0.00 (std: 0.00)
2026-04-07 17:29:39,638 | INFO | data.calibration_engine | Zone 'forefoot' zero offset: 0.00 (std: 0.00)
2026-04-07 17:29:39,643 | INFO | data.calibration_engine | Zone 'toes' zero offset: 0.00 (std: 0.00)
2026-04-07 17:35:52,365 | INFO | __main__ | Application started
2026-04-07 17:46:31,562 | ERROR | __main__ | Unhandled exception
Traceback (most recent call last):
  File "d:\Desktop\AI点云传输\smart_insole\main.py", line 52, in <module>
    raise SystemExit(main())
  File "d:\Desktop\AI点云传输\smart_insole\main.py", line 44, in main
    window = MainWindow()
  File "d:\Desktop\AI点云传输\smart_insole\ui\main_window.py", line 50, in __init__
    self.heatmap_view = HeatmapView(parent=self)
  File "d:\Desktop\AI点云传输\smart_insole\ui\heatmap_view.py", line 66, in __init__
    self.update_heatmap(self._data)
  File "d:\Desktop\AI点云传输\smart_insole\ui\heatmap_view.py", line 117, in update_heatmap
    self._render_foot_outline()
  File "d:\Desktop\AI点云传输\smart_insole\ui\heatmap_view.py", line 190, in _render_foot_outline
    self._outline_item.scale(1.0 / self._render_scale, 1.0 / self._render_scale)
TypeError: IsocurveItem.scale() takes no arguments (2 given)
2026-04-07 17:46:44,859 | ERROR | __main__ | Unhandled exception
Traceback (most recent call last):
  File "d:\Desktop\AI点云传输\smart_insole\main.py", line 52, in <module>
    raise SystemExit(main())
  File "d:\Desktop\AI点云传输\smart_insole\main.py", line 44, in main
    window = MainWindow()
  File "d:\Desktop\AI点云传输\smart_insole\ui\main_window.py", line 50, in __init__
    self.heatmap_view = HeatmapView(parent=self)
  File "d:\Desktop\AI点云传输\smart_insole\ui\heatmap_view.py", line 66, in __init__
    self.update_heatmap(self._data)
  File "d:\Desktop\AI点云传输\smart_insole\ui\heatmap_view.py", line 117, in update_heatmap
    self._render_foot_outline()
  File "d:\Desktop\AI点云传输\smart_insole\ui\heatmap_view.py", line 190, in _render_foot_outline
    self._outline_item.scale(1.0 / self._render_scale, 1.0 / self._render_scale)
TypeError: IsocurveItem.scale() takes no arguments (2 given)
2026-04-07 20:53:25,306 | INFO | __main__ | Application started
2026-04-07 21:28:07,997 | INFO | __main__ | Application started
2026-04-07 21:57:27,515 | INFO | __main__ | Application started
2026-04-07 22:05:04,141 | INFO | __main__ | Application started
2026-04-08 08:11:31,173 | INFO | __main__ | Application started
2026-04-08 08:15:54,145 | INFO | data.calibration_engine | Valid mask detected: 0/128 sensors active
2026-04-08 08:16:13,892 | INFO | data.calibration_engine | Zone 'heel' zero offset: 0.00 (std: 0.00)
2026-04-08 08:16:13,895 | INFO | data.calibration_engine | Zone 'midfoot' zero offset: 0.00 (std: 0.00)
2026-04-08 08:16:13,899 | INFO | data.calibration_engine | Zone 'forefoot' zero offset: 0.00 (std: 0.00)
2026-04-08 08:16:13,902 | INFO | data.calibration_engine | Zone 'toes' zero offset: 0.00 (std: 0.00)
2026-04-08 11:13:51,742 | INFO | __main__ | Application started
2026-04-08 15:55:54,476 | INFO | __main__ | Application started
2026-04-08 15:56:45,031 | INFO | data.calibration_engine | Valid mask detected: 0/128 sensors active
2026-04-08 15:56:54,101 | INFO | data.calibration_engine | Zone 'heel' zero offset: 0.00 (std: 0.00)
2026-04-08 15:56:54,104 | INFO | data.calibration_engine | Zone 'midfoot' zero offset: 0.00 (std: 0.00)
2026-04-08 15:56:54,107 | INFO | data.calibration_engine | Zone 'forefoot' zero offset: 0.00 (std: 0.00)
2026-04-08 15:56:54,110 | INFO | data.calibration_engine | Zone 'toes' zero offset: 0.00 (std: 0.00)
2026-04-08 16:41:57,315 | INFO | __main__ | Application started
2026-04-08 16:49:56,793 | INFO | data.calibration_engine | Valid mask detected: 0/128 sensors active
2026-04-08 16:50:08,330 | INFO | data.calibration_engine | Zone 'heel' zero offset: 0.00 (std: 0.00)
2026-04-08 16:50:08,330 | INFO | data.calibration_engine | Zone 'midfoot' zero offset: 0.00 (std: 0.00)
2026-04-08 16:50:08,330 | INFO | data.calibration_engine | Zone 'forefoot' zero offset: 0.00 (std: 0.00)
2026-04-08 16:50:08,339 | INFO | data.calibration_engine | Zone 'toes' zero offset: 0.00 (std: 0.00)
2026-04-08 17:16:05,281 | INFO | __main__ | Application started
2026-04-08 17:16:54,287 | INFO | data.calibration_engine | Valid mask detected: 0/128 sensors active
2026-04-08 17:17:05,684 | INFO | data.calibration_engine | Zone 'heel' zero offset: 0.00 (std: 0.00)
2026-04-08 17:17:05,687 | INFO | data.calibration_engine | Zone 'midfoot' zero offset: 0.00 (std: 0.00)
2026-04-08 17:17:05,687 | INFO | data.calibration_engine | Zone 'forefoot' zero offset: 0.00 (std: 0.00)
2026-04-08 17:17:05,695 | INFO | data.calibration_engine | Zone 'toes' zero offset: 0.00 (std: 0.00)
2026-04-08 17:20:59,146 | INFO | data.calibration_engine | Zone 'toes' point: P=30.06 kPa, ADC=0.00 (std: 0.00)
2026-04-08 17:21:02,148 | INFO | data.calibration_engine | Zone 'toes' point: P=30.06 kPa, ADC=0.00 (std: 0.00)
2026-04-08 17:21:05,142 | INFO | data.calibration_engine | Zone 'toes' point: P=30.06 kPa, ADC=0.00 (std: 0.00)
2026-04-08 17:21:08,122 | INFO | data.calibration_engine | Zone 'toes' point: P=30.06 kPa, ADC=0.00 (std: 0.00)
2026-04-08 17:21:11,143 | INFO | data.calibration_engine | Zone 'toes' point: P=30.06 kPa, ADC=0.00 (std: 0.00)
2026-04-08 17:22:24,766 | INFO | data.calibration_engine | Zone 'toes' point: P=41.16 kPa, ADC=0.00 (std: 0.00)
2026-04-08 17:22:27,762 | INFO | data.calibration_engine | Zone 'toes' point: P=41.16 kPa, ADC=0.00 (std: 0.00)
2026-04-08 17:22:30,765 | INFO | data.calibration_engine | Zone 'toes' point: P=41.16 kPa, ADC=0.00 (std: 0.00)
2026-04-08 17:22:33,765 | INFO | data.calibration_engine | Zone 'toes' point: P=41.16 kPa, ADC=0.00 (std: 0.00)
2026-04-08 17:22:36,752 | INFO | data.calibration_engine | Zone 'toes' point: P=41.16 kPa, ADC=0.00 (std: 0.00)
2026-04-08 17:43:14,089 | INFO | __main__ | Application started
2026-04-08 17:43:40,067 | ERROR | __main__ | Unhandled exception
Traceback (most recent call last):
  File "d:\Desktop\AI点云传输\smart_insole\ui\main_window.py", line 242, in _open_calibration_wizard
    self._calibration_wizard = CalibrationWizard(self)
  File "d:\Desktop\AI点云传输\smart_insole\ui\calibration_wizard.py", line 66, in __init__
    self._build_pages()
  File "d:\Desktop\AI点云传输\smart_insole\ui\calibration_wizard.py", line 79, in _build_pages
    self._build_prepare_page(self._prepare_page)
  File "d:\Desktop\AI点云传输\smart_insole\ui\calibration_wizard.py", line 162, in _build_prepare_page
    form.addRow("第 2 组作用力:", self._force_spins[1])
AttributeError: 'CalibrationWizard' object has no attribute '_force_spins'
2026-04-08 17:44:53,555 | ERROR | __main__ | Unhandled exception
Traceback (most recent call last):
  File "d:\Desktop\AI点云传输\smart_insole\ui\main_window.py", line 221, in _on_refresh_timer
    @Slot()
KeyboardInterrupt
2026-04-08 17:54:13,800 | ERROR | __main__ | Unhandled exception
Traceback (most recent call last):
  File "d:\Desktop\AI点云传输\smart_insole\ui\main_window.py", line 242, in _open_calibration_wizard
    self._calibration_wizard = CalibrationWizard(self)
  File "d:\Desktop\AI点云传输\smart_insole\ui\calibration_wizard.py", line 66, in __init__
    self._build_pages()
  File "d:\Desktop\AI点云传输\smart_insole\ui\calibration_wizard.py", line 79, in _build_pages
    self._build_prepare_page(self._prepare_page)
  File "d:\Desktop\AI点云传输\smart_insole\ui\calibration_wizard.py", line 162, in _build_prepare_page
    for force_spin in self._force_spins:
AttributeError: 'CalibrationWizard' object has no attribute '_force_spins'
2026-04-08 17:54:23,237 | ERROR | __main__ | Unhandled exception
Traceback (most recent call last):
  File "d:\Desktop\AI点云传输\smart_insole\ui\main_window.py", line 242, in _open_calibration_wizard
    self._calibration_wizard = CalibrationWizard(self)
  File "d:\Desktop\AI点云传输\smart_insole\ui\calibration_wizard.py", line 66, in __init__
    self._build_pages()
  File "d:\Desktop\AI点云传输\smart_insole\ui\calibration_wizard.py", line 79, in _build_pages
    self._build_prepare_page(self._prepare_page)
  File "d:\Desktop\AI点云传输\smart_insole\ui\calibration_wizard.py", line 162, in _build_prepare_page
    for force_spin in self._force_spins:
AttributeError: 'CalibrationWizard' object has no attribute '_force_spins'
